<?xml version="1.0" encoding="UTF-8" ?>
<testsuite tests="26" failures="0" name="TestSuite" time="13.077" errors="0" skipped="0">
  <properties>
    <property name="java.runtime.name" value="Java(TM) SE Runtime Environment"/>
    <property name="sun.boot.library.path" value="C:\Program Files\Java\jdk1.8.0_11\jre\bin"/>
    <property name="java.vm.version" value="25.11-b03"/>
    <property name="java.vm.vendor" value="Oracle Corporation"/>
    <property name="java.vendor.url" value="http://java.oracle.com/"/>
    <property name="path.separator" value=";"/>
    <property name="guice.disable.misplaced.annotation.check" value="true"/>
    <property name="java.vm.name" value="Java HotSpot(TM) Client VM"/>
    <property name="file.encoding.pkg" value="sun.io"/>
    <property name="user.script" value=""/>
    <property name="user.country" value="ZA"/>
    <property name="sun.java.launcher" value="SUN_STANDARD"/>
    <property name="sun.os.patch.level" value="Service Pack 1"/>
    <property name="java.vm.specification.name" value="Java Virtual Machine Specification"/>
    <property name="user.dir" value="D:\TP Projects\REMsAuto"/>
    <property name="java.runtime.version" value="1.8.0_11-b12"/>
    <property name="netbeans.deploy" value="true"/>
    <property name="java.awt.graphicsenv" value="sun.awt.Win32GraphicsEnvironment"/>
    <property name="java.endorsed.dirs" value="C:\Program Files\Java\jdk1.8.0_11\jre\lib\endorsed"/>
    <property name="os.arch" value="x86"/>
    <property name="java.io.tmpdir" value="C:\Users\Mhumhu\AppData\Local\Temp\"/>
    <property name="line.separator" value="
"/>
    <property name="java.vm.specification.vendor" value="Oracle Corporation"/>
    <property name="user.variant" value=""/>
    <property name="os.name" value="Windows 7"/>
    <property name="maven.ext.class.path" value="C:\Program Files\NetBeans 8.0.1\java\maven-nblib\netbeans-eventspy.jar"/>
    <property name="classworlds.conf" value="C:\Program Files\NetBeans 8.0.1\java\maven\bin\m2.conf"/>
    <property name="sun.jnu.encoding" value="Cp1252"/>
    <property name="java.library.path" value="C:\Program Files\Java\jdk1.8.0_11\bin;C:\Windows\Sun\Java\bin;C:\Windows\system32;C:\Windows;C:\Program Files\Common Files\Microsoft Shared\Windows Live;C:\Windows\system32;C:\Windows;C:\Windows\System32\Wbem;C:\Windows\System32\WindowsPowerShell\v1.0\;C:\Program Files\Windows Live\Shared;C:\Program Files\Intel\WiFi\bin\;C:\Program Files\Common Files\Intel\WirelessCommon\;C:\Program Files\Common Files\Roxio Shared\DLLShared\;C:\Program Files\Common Files\Roxio Shared\DLLShared\;C:\Program Files\Common Files\Roxio Shared\9.0\DLLShared\;C:\Program Files\Microsoft SQL Server\100\Tools\Binn\;C:\Program Files\Microsoft SQL Server\100\DTS\Binn\;C:\Program Files\Git\cmd;%JAVA_HOME%;C:\Program Files\Microsoft SQL Server\110\Tools\Binn\;."/>
    <property name="java.specification.name" value="Java Platform API Specification"/>
    <property name="java.class.version" value="52.0"/>
    <property name="sun.management.compiler" value="HotSpot Client Compiler"/>
    <property name="os.version" value="6.1"/>
    <property name="user.home" value="C:\Users\Mhumhu"/>
    <property name="user.timezone" value="Africa/Harare"/>
    <property name="java.awt.printerjob" value="sun.awt.windows.WPrinterJob"/>
    <property name="java.specification.version" value="1.8"/>
    <property name="file.encoding" value="UTF-8"/>
    <property name="user.name" value="Mhumhu"/>
    <property name="java.class.path" value="C:\Program Files\NetBeans 8.0.1\java\maven\boot\plexus-classworlds-2.4.jar"/>
    <property name="java.vm.specification.version" value="1.8"/>
    <property name="sun.arch.data.model" value="32"/>
    <property name="java.home" value="C:\Program Files\Java\jdk1.8.0_11\jre"/>
    <property name="sun.java.command" value="org.codehaus.plexus.classworlds.launcher.Launcher -Dnetbeans.deploy=true -Dmaven.ext.class.path=C:\Program Files\NetBeans 8.0.1\java\maven-nblib\netbeans-eventspy.jar -Dfile.encoding=UTF-8 package"/>
    <property name="java.specification.vendor" value="Oracle Corporation"/>
    <property name="user.language" value="en"/>
    <property name="awt.toolkit" value="sun.awt.windows.WToolkit"/>
    <property name="java.vm.info" value="mixed mode, sharing"/>
    <property name="java.version" value="1.8.0_11"/>
    <property name="java.ext.dirs" value="C:\Program Files\Java\jdk1.8.0_11\jre\lib\ext;C:\Windows\Sun\Java\lib\ext"/>
    <property name="sun.boot.class.path" value="C:\Program Files\Java\jdk1.8.0_11\jre\lib\resources.jar;C:\Program Files\Java\jdk1.8.0_11\jre\lib\rt.jar;C:\Program Files\Java\jdk1.8.0_11\jre\lib\sunrsasign.jar;C:\Program Files\Java\jdk1.8.0_11\jre\lib\jsse.jar;C:\Program Files\Java\jdk1.8.0_11\jre\lib\jce.jar;C:\Program Files\Java\jdk1.8.0_11\jre\lib\charsets.jar;C:\Program Files\Java\jdk1.8.0_11\jre\lib\jfr.jar;C:\Program Files\Java\jdk1.8.0_11\jre\classes"/>
    <property name="java.vendor" value="Oracle Corporation"/>
    <property name="maven.home" value="C:\Program Files\NetBeans 8.0.1\java\maven"/>
    <property name="file.separator" value="\"/>
    <property name="java.vendor.url.bug" value="http://bugreport.sun.com/bugreport/"/>
    <property name="sun.cpu.endian" value="little"/>
    <property name="sun.io.unicode.encoding" value="UnicodeLittle"/>
    <property name="sun.desktop" value="windows"/>
    <property name="sun.cpu.isalist" value="pentium_pro+mmx pentium_pro pentium+mmx pentium i486 i386 i86"/>
  </properties>
  <testcase classname="com.mycompany.carshop.test.repository.AutoSupplierRepositoryTest" name="createAutoSupplier" time="0.1"/>
  <testcase classname="com.mycompany.carshop.test.repository.AutomobileRepositoryTest" name="createAutomobile" time="0.017"/>
  <testcase classname="com.mycompany.carshop.test.repository.AutomobileTypeRepositoryTest" name="createAutomobileType" time="0.037"/>
  <testcase classname="com.mycompany.carshop.test.repository.CreditCardRepositoryTest" name="createCreditCard" time="0.008"/>
  <testcase classname="com.mycompany.carshop.test.services.CreditCardServiceTest" name="testForCreditApproval" time="0.377"/>
  <testcase classname="com.mycompany.carshop.test.services.CreditCardServiceTest" name="testForInsufficientbalance" time="0.044"/>
  <testcase classname="com.mycompany.carshop.test.services.CreditCardServiceTest" name="testForWrongCreditCardExpiryDate" time="0.039"/>
  <testcase classname="com.mycompany.carshop.test.services.CustomerInfoServiceTest" name="getCustomerAddress" time="0.048"/>
  <testcase classname="com.mycompany.carshop.test.repository.CustomerInvoiceTest" name="createInvoice" time="0.009"/>
  <testcase classname="com.mycompany.carshop.test.repository.CustomerRepositoryTest" name="createCustomer" time="0.018"/>
  <testcase classname="com.mycompany.carshop.test.repository.MarketInformationRepositoryTest" name="createMarketingInfo" time="0.052"/>
  <testcase classname="com.mycompany.carshop.test.repository.OrderRepositoryTest" name="createOrder" time="0.058"/>
  <testcase classname="com.mycompany.carshop.test.services.ProcessInvoicesServiceTest" name="testProcessInvoicesService" time="0.071"/>
  <testcase classname="com.mycompany.carshop.test.services.SuppliersDetailsServiceTest" name="getCustomerAddress" time="0.01"/>
  <testcase classname="com.mycompany.carshop.test.repository.AutoSupplierRepositoryTest" name="readAutoSupplier" time="0.003"/>
  <testcase classname="com.mycompany.carshop.test.repository.AutomobileRepositoryTest" name="readAutomobile" time="0.003"/>
  <testcase classname="com.mycompany.carshop.test.repository.AutomobileTypeRepositoryTest" name="readAutomobileType" time="0.003"/>
  <testcase classname="com.mycompany.carshop.test.repository.CreditCardRepositoryTest" name="readCreditCard" time="0.002"/>
  <testcase classname="com.mycompany.carshop.test.repository.CustomerInvoiceTest" name="readInvoice" time="0.003"/>
  <testcase classname="com.mycompany.carshop.test.repository.CustomerRepositoryTest" name="readCustomer" time="0.001"/>
  <testcase classname="com.mycompany.carshop.test.repository.MarketInformationRepositoryTest" name="readMarketingInfo" time="0.004"/>
  <testcase classname="com.mycompany.carshop.test.repository.OrderRepositoryTest" name="readOrder" time="0.007"/>
  <testcase classname="com.mycompany.carshop.test.repository.AutomobileRepositoryTest" name="updateAutomobile" time="0.019"/>
  <testcase classname="com.mycompany.carshop.test.repository.CreditCardRepositoryTest" name="updateCreditCard" time="0.008"/>
  <testcase classname="com.mycompany.carshop.test.repository.CustomerRepositoryTest" name="updateCustomer" time="0.021"/>
  <testcase classname="com.mycompany.carshop.test.repository.MarketInformationRepositoryTest" name="updateMarketingInfo" time="0.01"/>
</testsuite>