<?xml version="1.0" encoding="UTF-8"?>
<!-- Generated by org.testng.reporters.JUnitReportReporter -->
<testsuite hostname="Mhumhu-PC" name="com.mycompany.carshop.test.repository.MarketInformationRepositoryTest" tests="3" failures="0" timestamp="23 Oct 2014 07:20:59 GMT" time="0.058" errors="0">
  <testcase name="createMarketingInfo" time="0.041" classname="com.mycompany.carshop.test.repository.MarketInformationRepositoryTest"/>
  <testcase name="updateMarketingInfo" time="0.012" classname="com.mycompany.carshop.test.repository.MarketInformationRepositoryTest"/>
  <testcase name="readMarketingInfo" time="0.005" classname="com.mycompany.carshop.test.repository.MarketInformationRepositoryTest"/>
</testsuite> <!-- com.mycompany.carshop.test.repository.MarketInformationRepositoryTest -->
