<?xml version="1.0" encoding="UTF-8"?>
<!-- Generated by org.testng.reporters.JUnitReportReporter -->
<testsuite hostname="Mhumhu-PC" name="com.mycompany.carshop.test.repository.OrderRepositoryTest" tests="2" failures="0" timestamp="23 Oct 2014 07:20:59 GMT" time="0.060" errors="0">
  <testcase name="createOrder" time="0.055" classname="com.mycompany.carshop.test.repository.OrderRepositoryTest"/>
  <testcase name="readOrder" time="0.005" classname="com.mycompany.carshop.test.repository.OrderRepositoryTest"/>
</testsuite> <!-- com.mycompany.carshop.test.repository.OrderRepositoryTest -->
