<?xml version="1.0" encoding="UTF-8"?>
<!-- Generated by org.testng.reporters.JUnitReportReporter -->
<testsuite hostname="Mhumhu-PC" name="com.mycompany.carshop.test.services.SuppliersDetailsServiceTest" tests="1" failures="0" timestamp="23 Oct 2014 07:20:59 GMT" time="0.010" errors="0">
  <testcase name="getCustomerAddress" time="0.010" classname="com.mycompany.carshop.test.services.SuppliersDetailsServiceTest"/>
</testsuite> <!-- com.mycompany.carshop.test.services.SuppliersDetailsServiceTest -->
