<?xml version="1.0" encoding="UTF-8"?>
<!-- Generated by org.testng.reporters.JUnitReportReporter -->
<testsuite hostname="Mhumhu-PC" name="com.mycompany.carshop.test.repository.CreditCardRepositoryTest" tests="3" failures="0" timestamp="23 Oct 2014 07:20:59 GMT" time="0.027" errors="0">
  <testcase name="createCreditCard" time="0.012" classname="com.mycompany.carshop.test.repository.CreditCardRepositoryTest"/>
  <testcase name="readCreditCard" time="0.003" classname="com.mycompany.carshop.test.repository.CreditCardRepositoryTest"/>
  <testcase name="updateCreditCard" time="0.012" classname="com.mycompany.carshop.test.repository.CreditCardRepositoryTest"/>
</testsuite> <!-- com.mycompany.carshop.test.repository.CreditCardRepositoryTest -->
