<?xml version="1.0" encoding="UTF-8"?>
<!-- Generated by org.testng.reporters.JUnitReportReporter -->
<testsuite hostname="Mhumhu-PC" name="com.mycompany.carshop.test.services.ProcessInvoicesServiceTest" tests="1" failures="0" timestamp="23 Oct 2014 07:20:59 GMT" time="0.071" errors="0">
  <testcase name="testProcessInvoicesService" time="0.071" classname="com.mycompany.carshop.test.services.ProcessInvoicesServiceTest"/>
</testsuite> <!-- com.mycompany.carshop.test.services.ProcessInvoicesServiceTest -->
