<?xml version="1.0" encoding="UTF-8"?>
<!-- Generated by org.testng.reporters.JUnitReportReporter -->
<testsuite hostname="Mhumhu-PC" name="com.mycompany.carshop.test.repository.CustomerInvoiceTest" tests="2" failures="0" timestamp="23 Oct 2014 07:20:59 GMT" time="0.013" errors="0">
  <testcase name="createInvoice" time="0.010" classname="com.mycompany.carshop.test.repository.CustomerInvoiceTest"/>
  <testcase name="readInvoice" time="0.003" classname="com.mycompany.carshop.test.repository.CustomerInvoiceTest"/>
</testsuite> <!-- com.mycompany.carshop.test.repository.CustomerInvoiceTest -->
