<?xml version="1.0" encoding="UTF-8"?>
<!-- Generated by org.testng.reporters.JUnitReportReporter -->
<testsuite hostname="Mhumhu-PC" name="com.mycompany.carshop.test.repository.AutomobileRepositoryTest" tests="3" failures="0" timestamp="23 Oct 2014 07:20:59 GMT" time="0.040" errors="0">
  <testcase name="createAutomobile" time="0.015" classname="com.mycompany.carshop.test.repository.AutomobileRepositoryTest"/>
  <testcase name="readAutomobile" time="0.003" classname="com.mycompany.carshop.test.repository.AutomobileRepositoryTest"/>
  <testcase name="updateAutomobile" time="0.022" classname="com.mycompany.carshop.test.repository.AutomobileRepositoryTest"/>
</testsuite> <!-- com.mycompany.carshop.test.repository.AutomobileRepositoryTest -->
