<?xml version="1.0" encoding="UTF-8"?>
<!-- Generated by org.testng.reporters.JUnitReportReporter -->
<testsuite hostname="Mhumhu-PC" name="com.mycompany.carshop.test.services.CreditCardServiceTest" tests="3" failures="0" timestamp="23 Oct 2014 07:20:59 GMT" time="0.460" errors="0">
  <testcase name="testForInsufficientbalance" time="0.045" classname="com.mycompany.carshop.test.services.CreditCardServiceTest"/>
  <testcase name="testForCreditApproval" time="0.376" classname="com.mycompany.carshop.test.services.CreditCardServiceTest"/>
  <testcase name="testForWrongCreditCardExpiryDate" time="0.039" classname="com.mycompany.carshop.test.services.CreditCardServiceTest"/>
</testsuite> <!-- com.mycompany.carshop.test.services.CreditCardServiceTest -->
