<?xml version="1.0" encoding="UTF-8"?>
<!-- Generated by org.testng.reporters.JUnitReportReporter -->
<testsuite hostname="Mhumhu-PC" name="com.mycompany.carshop.test.repository.CustomerRepositoryTest" tests="3" failures="0" timestamp="23 Oct 2014 07:20:59 GMT" time="0.049" errors="0">
  <testcase name="updateCustomer" time="0.018" classname="com.mycompany.carshop.test.repository.CustomerRepositoryTest"/>
  <testcase name="createCustomer" time="0.027" classname="com.mycompany.carshop.test.repository.CustomerRepositoryTest"/>
  <testcase name="readCustomer" time="0.004" classname="com.mycompany.carshop.test.repository.CustomerRepositoryTest"/>
</testsuite> <!-- com.mycompany.carshop.test.repository.CustomerRepositoryTest -->
