<?xml version="1.0" encoding="UTF-8"?>
<!-- Generated by org.testng.reporters.JUnitReportReporter -->
<testsuite hostname="Mhumhu-PC" name="com.mycompany.carshop.test.repository.AutomobileTypeRepositoryTest" tests="2" failures="0" timestamp="23 Oct 2014 07:20:59 GMT" time="0.041" errors="0">
  <testcase name="createAutomobileType" time="0.038" classname="com.mycompany.carshop.test.repository.AutomobileTypeRepositoryTest"/>
  <testcase name="readAutomobileType" time="0.003" classname="com.mycompany.carshop.test.repository.AutomobileTypeRepositoryTest"/>
</testsuite> <!-- com.mycompany.carshop.test.repository.AutomobileTypeRepositoryTest -->
