<?xml version="1.0" encoding="UTF-8"?>
<!-- Generated by org.testng.reporters.JUnitReportReporter -->
<testsuite hostname="Mhumhu-PC" name="com.mycompany.carshop.test.repository.AutoSupplierRepositoryTest" tests="2" failures="0" timestamp="23 Oct 2014 07:20:59 GMT" time="0.110" errors="0">
  <testcase name="readAutoSupplier" time="0.003" classname="com.mycompany.carshop.test.repository.AutoSupplierRepositoryTest"/>
  <testcase name="createAutoSupplier" time="0.107" classname="com.mycompany.carshop.test.repository.AutoSupplierRepositoryTest"/>
</testsuite> <!-- com.mycompany.carshop.test.repository.AutoSupplierRepositoryTest -->
